CRITICAL - 2023-01-08 03:04:43 --> Undefined constant "CodeIgniter\Database\MySQLi\MYSQLI_STORE_RESULT"
in SYSTEMPATH\Database\Database.php on line 136.
 1 SYSTEMPATH\Database\Database.php(56): CodeIgniter\Database\Database->initDriver()
 2 SYSTEMPATH\Database\Config.php(78): CodeIgniter\Database\Database->load()
 3 SYSTEMPATH\Common.php(344): CodeIgniter\Database\Config::connect()
 4 SYSTEMPATH\Database\MigrationRunner.php(150): db_connect()
 5 SYSTEMPATH\Config\Services.php(398): CodeIgniter\Database\MigrationRunner->__construct()
 6 SYSTEMPATH\Config\BaseService.php(251): CodeIgniter\Config\Services::migrations()
 7 SYSTEMPATH\Config\BaseService.php(192): CodeIgniter\Config\BaseService::__callStatic()
 8 SYSTEMPATH\Config\Services.php(393): CodeIgniter\Config\BaseService::getSharedInstance()
 9 SYSTEMPATH\Config\BaseService.php(251): CodeIgniter\Config\Services::migrations()
10 SYSTEMPATH\Commands\Database\Migrate.php(69): CodeIgniter\Config\BaseService::__callStatic()
11 SYSTEMPATH\CLI\Commands.php(63): CodeIgniter\Commands\Database\Migrate->run()
12 SYSTEMPATH\CLI\CommandRunner.php(65): CodeIgniter\CLI\Commands->run()
13 SYSTEMPATH\CLI\CommandRunner.php(51): CodeIgniter\CLI\CommandRunner->index()
14 SYSTEMPATH\CodeIgniter.php(889): CodeIgniter\CLI\CommandRunner->_remap()
15 SYSTEMPATH\CodeIgniter.php(466): CodeIgniter\CodeIgniter->runController()
16 SYSTEMPATH\CodeIgniter.php(345): CodeIgniter\CodeIgniter->handleRequest()
17 SYSTEMPATH\CLI\Console.php(48): CodeIgniter\CodeIgniter->run()
18 ROOTPATH\spark(86): CodeIgniter\CLI\Console->run()
CRITICAL - 2023-01-08 03:06:48 --> Undefined constant "CodeIgniter\Database\MySQLi\MYSQLI_STORE_RESULT"
in SYSTEMPATH\Database\Database.php on line 136.
 1 SYSTEMPATH\Database\Database.php(56): CodeIgniter\Database\Database->initDriver()
 2 SYSTEMPATH\Database\Config.php(78): CodeIgniter\Database\Database->load()
 3 SYSTEMPATH\Common.php(344): CodeIgniter\Database\Config::connect()
 4 SYSTEMPATH\Database\MigrationRunner.php(150): db_connect()
 5 SYSTEMPATH\Config\Services.php(398): CodeIgniter\Database\MigrationRunner->__construct()
 6 SYSTEMPATH\Config\BaseService.php(251): CodeIgniter\Config\Services::migrations()
 7 SYSTEMPATH\Config\BaseService.php(192): CodeIgniter\Config\BaseService::__callStatic()
 8 SYSTEMPATH\Config\Services.php(393): CodeIgniter\Config\BaseService::getSharedInstance()
 9 SYSTEMPATH\Config\BaseService.php(251): CodeIgniter\Config\Services::migrations()
10 SYSTEMPATH\Commands\Database\Migrate.php(69): CodeIgniter\Config\BaseService::__callStatic()
11 SYSTEMPATH\CLI\Commands.php(63): CodeIgniter\Commands\Database\Migrate->run()
12 SYSTEMPATH\CLI\CommandRunner.php(65): CodeIgniter\CLI\Commands->run()
13 SYSTEMPATH\CLI\CommandRunner.php(51): CodeIgniter\CLI\CommandRunner->index()
14 SYSTEMPATH\CodeIgniter.php(889): CodeIgniter\CLI\CommandRunner->_remap()
15 SYSTEMPATH\CodeIgniter.php(466): CodeIgniter\CodeIgniter->runController()
16 SYSTEMPATH\CodeIgniter.php(345): CodeIgniter\CodeIgniter->handleRequest()
17 SYSTEMPATH\CLI\Console.php(48): CodeIgniter\CodeIgniter->run()
18 ROOTPATH\spark(86): CodeIgniter\CLI\Console->run()
CRITICAL - 2023-01-08 03:10:38 --> Undefined constant "CodeIgniter\Database\MySQLi\MYSQLI_STORE_RESULT"
in SYSTEMPATH\Database\Database.php on line 136.
 1 SYSTEMPATH\Database\Database.php(56): CodeIgniter\Database\Database->initDriver()
 2 SYSTEMPATH\Database\Config.php(78): CodeIgniter\Database\Database->load()
 3 SYSTEMPATH\Common.php(344): CodeIgniter\Database\Config::connect()
 4 SYSTEMPATH\Database\MigrationRunner.php(150): db_connect()
 5 SYSTEMPATH\Config\Services.php(398): CodeIgniter\Database\MigrationRunner->__construct()
 6 SYSTEMPATH\Config\BaseService.php(251): CodeIgniter\Config\Services::migrations()
 7 SYSTEMPATH\Config\BaseService.php(192): CodeIgniter\Config\BaseService::__callStatic()
 8 SYSTEMPATH\Config\Services.php(393): CodeIgniter\Config\BaseService::getSharedInstance()
 9 SYSTEMPATH\Config\BaseService.php(251): CodeIgniter\Config\Services::migrations()
10 SYSTEMPATH\Commands\Database\Migrate.php(69): CodeIgniter\Config\BaseService::__callStatic()
11 SYSTEMPATH\CLI\Commands.php(63): CodeIgniter\Commands\Database\Migrate->run()
12 SYSTEMPATH\CLI\CommandRunner.php(65): CodeIgniter\CLI\Commands->run()
13 SYSTEMPATH\CLI\CommandRunner.php(51): CodeIgniter\CLI\CommandRunner->index()
14 SYSTEMPATH\CodeIgniter.php(889): CodeIgniter\CLI\CommandRunner->_remap()
15 SYSTEMPATH\CodeIgniter.php(466): CodeIgniter\CodeIgniter->runController()
16 SYSTEMPATH\CodeIgniter.php(345): CodeIgniter\CodeIgniter->handleRequest()
17 SYSTEMPATH\CLI\Console.php(48): CodeIgniter\CodeIgniter->run()
18 ROOTPATH\spark(86): CodeIgniter\CLI\Console->run()
CRITICAL - 2023-01-08 03:13:13 --> Undefined constant "CodeIgniter\Database\MySQLi\MYSQLI_STORE_RESULT"
in SYSTEMPATH\Database\Database.php on line 136.
 1 SYSTEMPATH\Database\Database.php(56): CodeIgniter\Database\Database->initDriver()
 2 SYSTEMPATH\Database\Config.php(78): CodeIgniter\Database\Database->load()
 3 SYSTEMPATH\Common.php(344): CodeIgniter\Database\Config::connect()
 4 SYSTEMPATH\Database\MigrationRunner.php(150): db_connect()
 5 SYSTEMPATH\Config\Services.php(398): CodeIgniter\Database\MigrationRunner->__construct()
 6 SYSTEMPATH\Config\BaseService.php(251): CodeIgniter\Config\Services::migrations()
 7 SYSTEMPATH\Config\BaseService.php(192): CodeIgniter\Config\BaseService::__callStatic()
 8 SYSTEMPATH\Config\Services.php(393): CodeIgniter\Config\BaseService::getSharedInstance()
 9 SYSTEMPATH\Config\BaseService.php(251): CodeIgniter\Config\Services::migrations()
10 SYSTEMPATH\Commands\Database\Migrate.php(69): CodeIgniter\Config\BaseService::__callStatic()
11 SYSTEMPATH\CLI\Commands.php(63): CodeIgniter\Commands\Database\Migrate->run()
12 SYSTEMPATH\CLI\CommandRunner.php(65): CodeIgniter\CLI\Commands->run()
13 SYSTEMPATH\CLI\CommandRunner.php(51): CodeIgniter\CLI\CommandRunner->index()
14 SYSTEMPATH\CodeIgniter.php(889): CodeIgniter\CLI\CommandRunner->_remap()
15 SYSTEMPATH\CodeIgniter.php(466): CodeIgniter\CodeIgniter->runController()
16 SYSTEMPATH\CodeIgniter.php(345): CodeIgniter\CodeIgniter->handleRequest()
17 SYSTEMPATH\CLI\Console.php(48): CodeIgniter\CodeIgniter->run()
18 ROOTPATH\spark(86): CodeIgniter\CLI\Console->run()
CRITICAL - 2023-01-08 03:17:04 --> Undefined constant "CodeIgniter\Database\MySQLi\MYSQLI_STORE_RESULT"
in SYSTEMPATH\Database\Database.php on line 136.
 1 SYSTEMPATH\Database\Database.php(56): CodeIgniter\Database\Database->initDriver()
 2 SYSTEMPATH\Database\Config.php(78): CodeIgniter\Database\Database->load()
 3 SYSTEMPATH\Common.php(344): CodeIgniter\Database\Config::connect()
 4 SYSTEMPATH\Database\MigrationRunner.php(150): db_connect()
 5 SYSTEMPATH\Config\Services.php(398): CodeIgniter\Database\MigrationRunner->__construct()
 6 SYSTEMPATH\Config\BaseService.php(251): CodeIgniter\Config\Services::migrations()
 7 SYSTEMPATH\Config\BaseService.php(192): CodeIgniter\Config\BaseService::__callStatic()
 8 SYSTEMPATH\Config\Services.php(393): CodeIgniter\Config\BaseService::getSharedInstance()
 9 SYSTEMPATH\Config\BaseService.php(251): CodeIgniter\Config\Services::migrations()
10 SYSTEMPATH\Commands\Database\MigrateRollback.php(81): CodeIgniter\Config\BaseService::__callStatic()
11 SYSTEMPATH\CLI\Commands.php(63): CodeIgniter\Commands\Database\MigrateRollback->run()
12 SYSTEMPATH\CLI\BaseCommand.php(112): CodeIgniter\CLI\Commands->run()
13 SYSTEMPATH\Commands\Database\MigrateRefresh.php(84): CodeIgniter\CLI\BaseCommand->call()
14 SYSTEMPATH\CLI\Commands.php(63): CodeIgniter\Commands\Database\MigrateRefresh->run()
15 SYSTEMPATH\CLI\CommandRunner.php(65): CodeIgniter\CLI\Commands->run()
16 SYSTEMPATH\CLI\CommandRunner.php(51): CodeIgniter\CLI\CommandRunner->index()
17 SYSTEMPATH\CodeIgniter.php(889): CodeIgniter\CLI\CommandRunner->_remap()
18 SYSTEMPATH\CodeIgniter.php(466): CodeIgniter\CodeIgniter->runController()
19 SYSTEMPATH\CodeIgniter.php(345): CodeIgniter\CodeIgniter->handleRequest()
20 SYSTEMPATH\CLI\Console.php(48): CodeIgniter\CodeIgniter->run()
21 ROOTPATH\spark(86): CodeIgniter\CLI\Console->run()
CRITICAL - 2023-01-08 03:23:56 --> Undefined constant "CodeIgniter\Database\MySQLi\MYSQLI_STORE_RESULT"
in SYSTEMPATH\Database\Database.php on line 136.
 1 SYSTEMPATH\Database\Database.php(56): CodeIgniter\Database\Database->initDriver()
 2 SYSTEMPATH\Database\Config.php(78): CodeIgniter\Database\Database->load()
 3 SYSTEMPATH\Common.php(344): CodeIgniter\Database\Config::connect()
 4 SYSTEMPATH\Database\MigrationRunner.php(150): db_connect()
 5 SYSTEMPATH\Config\Services.php(398): CodeIgniter\Database\MigrationRunner->__construct()
 6 SYSTEMPATH\Config\BaseService.php(251): CodeIgniter\Config\Services::migrations()
 7 SYSTEMPATH\Config\BaseService.php(192): CodeIgniter\Config\BaseService::__callStatic()
 8 SYSTEMPATH\Config\Services.php(393): CodeIgniter\Config\BaseService::getSharedInstance()
 9 SYSTEMPATH\Config\BaseService.php(251): CodeIgniter\Config\Services::migrations()
10 SYSTEMPATH\Commands\Database\Migrate.php(69): CodeIgniter\Config\BaseService::__callStatic()
11 SYSTEMPATH\CLI\Commands.php(63): CodeIgniter\Commands\Database\Migrate->run()
12 SYSTEMPATH\CLI\CommandRunner.php(65): CodeIgniter\CLI\Commands->run()
13 SYSTEMPATH\CLI\CommandRunner.php(51): CodeIgniter\CLI\CommandRunner->index()
14 SYSTEMPATH\CodeIgniter.php(889): CodeIgniter\CLI\CommandRunner->_remap()
15 SYSTEMPATH\CodeIgniter.php(466): CodeIgniter\CodeIgniter->runController()
16 SYSTEMPATH\CodeIgniter.php(345): CodeIgniter\CodeIgniter->handleRequest()
17 SYSTEMPATH\CLI\Console.php(48): CodeIgniter\CodeIgniter->run()
18 ROOTPATH\spark(86): CodeIgniter\CLI\Console->run()
CRITICAL - 2023-01-08 03:32:11 --> Undefined constant "CodeIgniter\Database\MySQLi\MYSQLI_STORE_RESULT"
in SYSTEMPATH\Database\Database.php on line 136.
 1 SYSTEMPATH\Database\Database.php(56): CodeIgniter\Database\Database->initDriver()
 2 SYSTEMPATH\Database\Config.php(78): CodeIgniter\Database\Database->load()
 3 SYSTEMPATH\Common.php(344): CodeIgniter\Database\Config::connect()
 4 SYSTEMPATH\Database\MigrationRunner.php(150): db_connect()
 5 SYSTEMPATH\Config\Services.php(398): CodeIgniter\Database\MigrationRunner->__construct()
 6 SYSTEMPATH\Config\BaseService.php(251): CodeIgniter\Config\Services::migrations()
 7 SYSTEMPATH\Config\BaseService.php(192): CodeIgniter\Config\BaseService::__callStatic()
 8 SYSTEMPATH\Config\Services.php(393): CodeIgniter\Config\BaseService::getSharedInstance()
 9 SYSTEMPATH\Config\BaseService.php(251): CodeIgniter\Config\Services::migrations()
10 SYSTEMPATH\Commands\Database\Migrate.php(69): CodeIgniter\Config\BaseService::__callStatic()
11 SYSTEMPATH\CLI\Commands.php(63): CodeIgniter\Commands\Database\Migrate->run()
12 SYSTEMPATH\CLI\CommandRunner.php(65): CodeIgniter\CLI\Commands->run()
13 SYSTEMPATH\CLI\CommandRunner.php(51): CodeIgniter\CLI\CommandRunner->index()
14 SYSTEMPATH\CodeIgniter.php(889): CodeIgniter\CLI\CommandRunner->_remap()
15 SYSTEMPATH\CodeIgniter.php(466): CodeIgniter\CodeIgniter->runController()
16 SYSTEMPATH\CodeIgniter.php(345): CodeIgniter\CodeIgniter->handleRequest()
17 SYSTEMPATH\CLI\Console.php(48): CodeIgniter\CodeIgniter->run()
18 ROOTPATH\spark(86): CodeIgniter\CLI\Console->run()
CRITICAL - 2023-01-08 03:38:56 --> Undefined constant "CodeIgniter\Database\MySQLi\MYSQLI_STORE_RESULT"
in SYSTEMPATH\Database\Database.php on line 136.
 1 SYSTEMPATH\Database\Database.php(56): CodeIgniter\Database\Database->initDriver()
 2 SYSTEMPATH\Database\Config.php(78): CodeIgniter\Database\Database->load()
 3 SYSTEMPATH\Common.php(344): CodeIgniter\Database\Config::connect()
 4 SYSTEMPATH\Database\MigrationRunner.php(150): db_connect()
 5 SYSTEMPATH\Config\Services.php(398): CodeIgniter\Database\MigrationRunner->__construct()
 6 SYSTEMPATH\Config\BaseService.php(251): CodeIgniter\Config\Services::migrations()
 7 SYSTEMPATH\Config\BaseService.php(192): CodeIgniter\Config\BaseService::__callStatic()
 8 SYSTEMPATH\Config\Services.php(393): CodeIgniter\Config\BaseService::getSharedInstance()
 9 SYSTEMPATH\Config\BaseService.php(251): CodeIgniter\Config\Services::migrations()
10 SYSTEMPATH\Commands\Database\Migrate.php(69): CodeIgniter\Config\BaseService::__callStatic()
11 SYSTEMPATH\CLI\Commands.php(63): CodeIgniter\Commands\Database\Migrate->run()
12 SYSTEMPATH\CLI\CommandRunner.php(65): CodeIgniter\CLI\Commands->run()
13 SYSTEMPATH\CLI\CommandRunner.php(51): CodeIgniter\CLI\CommandRunner->index()
14 SYSTEMPATH\CodeIgniter.php(889): CodeIgniter\CLI\CommandRunner->_remap()
15 SYSTEMPATH\CodeIgniter.php(466): CodeIgniter\CodeIgniter->runController()
16 SYSTEMPATH\CodeIgniter.php(345): CodeIgniter\CodeIgniter->handleRequest()
17 SYSTEMPATH\CLI\Console.php(48): CodeIgniter\CodeIgniter->run()
18 ROOTPATH\spark(86): CodeIgniter\CLI\Console->run()
CRITICAL - 2023-01-08 03:40:28 --> Undefined constant "CodeIgniter\Database\MySQLi\MYSQLI_STORE_RESULT"
in SYSTEMPATH\Database\Database.php on line 136.
 1 SYSTEMPATH\Database\Database.php(56): CodeIgniter\Database\Database->initDriver()
 2 SYSTEMPATH\Database\Config.php(78): CodeIgniter\Database\Database->load()
 3 SYSTEMPATH\Common.php(344): CodeIgniter\Database\Config::connect()
 4 SYSTEMPATH\Database\MigrationRunner.php(150): db_connect()
 5 SYSTEMPATH\Config\Services.php(398): CodeIgniter\Database\MigrationRunner->__construct()
 6 SYSTEMPATH\Config\BaseService.php(251): CodeIgniter\Config\Services::migrations()
 7 SYSTEMPATH\Config\BaseService.php(192): CodeIgniter\Config\BaseService::__callStatic()
 8 SYSTEMPATH\Config\Services.php(393): CodeIgniter\Config\BaseService::getSharedInstance()
 9 SYSTEMPATH\Config\BaseService.php(251): CodeIgniter\Config\Services::migrations()
10 SYSTEMPATH\Commands\Database\Migrate.php(69): CodeIgniter\Config\BaseService::__callStatic()
11 SYSTEMPATH\CLI\Commands.php(63): CodeIgniter\Commands\Database\Migrate->run()
12 SYSTEMPATH\CLI\CommandRunner.php(65): CodeIgniter\CLI\Commands->run()
13 SYSTEMPATH\CLI\CommandRunner.php(51): CodeIgniter\CLI\CommandRunner->index()
14 SYSTEMPATH\CodeIgniter.php(889): CodeIgniter\CLI\CommandRunner->_remap()
15 SYSTEMPATH\CodeIgniter.php(466): CodeIgniter\CodeIgniter->runController()
16 SYSTEMPATH\CodeIgniter.php(345): CodeIgniter\CodeIgniter->handleRequest()
17 SYSTEMPATH\CLI\Console.php(48): CodeIgniter\CodeIgniter->run()
18 ROOTPATH\spark(86): CodeIgniter\CLI\Console->run()
CRITICAL - 2023-01-08 04:09:38 --> Undefined constant "CodeIgniter\Database\MySQLi\MYSQLI_STORE_RESULT"
in SYSTEMPATH\Database\Database.php on line 136.
 1 SYSTEMPATH\Database\Database.php(56): CodeIgniter\Database\Database->initDriver()
 2 SYSTEMPATH\Database\Config.php(78): CodeIgniter\Database\Database->load()
 3 SYSTEMPATH\Common.php(344): CodeIgniter\Database\Config::connect()
 4 SYSTEMPATH\Database\MigrationRunner.php(150): db_connect()
 5 SYSTEMPATH\Config\Services.php(398): CodeIgniter\Database\MigrationRunner->__construct()
 6 SYSTEMPATH\Config\BaseService.php(251): CodeIgniter\Config\Services::migrations()
 7 SYSTEMPATH\Config\BaseService.php(192): CodeIgniter\Config\BaseService::__callStatic()
 8 SYSTEMPATH\Config\Services.php(393): CodeIgniter\Config\BaseService::getSharedInstance()
 9 SYSTEMPATH\Config\BaseService.php(251): CodeIgniter\Config\Services::migrations()
10 SYSTEMPATH\Commands\Database\Migrate.php(69): CodeIgniter\Config\BaseService::__callStatic()
11 SYSTEMPATH\CLI\Commands.php(63): CodeIgniter\Commands\Database\Migrate->run()
12 SYSTEMPATH\CLI\CommandRunner.php(65): CodeIgniter\CLI\Commands->run()
13 SYSTEMPATH\CLI\CommandRunner.php(51): CodeIgniter\CLI\CommandRunner->index()
14 SYSTEMPATH\CodeIgniter.php(889): CodeIgniter\CLI\CommandRunner->_remap()
15 SYSTEMPATH\CodeIgniter.php(466): CodeIgniter\CodeIgniter->runController()
16 SYSTEMPATH\CodeIgniter.php(345): CodeIgniter\CodeIgniter->handleRequest()
17 SYSTEMPATH\CLI\Console.php(48): CodeIgniter\CodeIgniter->run()
18 ROOTPATH\spark(86): CodeIgniter\CLI\Console->run()
CRITICAL - 2023-01-08 04:12:48 --> Undefined constant "CodeIgniter\Database\MySQLi\MYSQLI_STORE_RESULT"
in SYSTEMPATH\Database\Database.php on line 136.
 1 SYSTEMPATH\Database\Database.php(56): CodeIgniter\Database\Database->initDriver()
 2 SYSTEMPATH\Database\Config.php(78): CodeIgniter\Database\Database->load()
 3 SYSTEMPATH\Common.php(344): CodeIgniter\Database\Config::connect()
 4 SYSTEMPATH\Database\MigrationRunner.php(150): db_connect()
 5 SYSTEMPATH\Config\Services.php(398): CodeIgniter\Database\MigrationRunner->__construct()
 6 SYSTEMPATH\Config\BaseService.php(251): CodeIgniter\Config\Services::migrations()
 7 SYSTEMPATH\Config\BaseService.php(192): CodeIgniter\Config\BaseService::__callStatic()
 8 SYSTEMPATH\Config\Services.php(393): CodeIgniter\Config\BaseService::getSharedInstance()
 9 SYSTEMPATH\Config\BaseService.php(251): CodeIgniter\Config\Services::migrations()
10 SYSTEMPATH\Commands\Database\Migrate.php(69): CodeIgniter\Config\BaseService::__callStatic()
11 SYSTEMPATH\CLI\Commands.php(63): CodeIgniter\Commands\Database\Migrate->run()
12 SYSTEMPATH\CLI\CommandRunner.php(65): CodeIgniter\CLI\Commands->run()
13 SYSTEMPATH\CLI\CommandRunner.php(51): CodeIgniter\CLI\CommandRunner->index()
14 SYSTEMPATH\CodeIgniter.php(889): CodeIgniter\CLI\CommandRunner->_remap()
15 SYSTEMPATH\CodeIgniter.php(466): CodeIgniter\CodeIgniter->runController()
16 SYSTEMPATH\CodeIgniter.php(345): CodeIgniter\CodeIgniter->handleRequest()
17 SYSTEMPATH\CLI\Console.php(48): CodeIgniter\CodeIgniter->run()
18 ROOTPATH\spark(86): CodeIgniter\CLI\Console->run()
CRITICAL - 2023-01-08 04:13:48 --> Undefined constant "CodeIgniter\Database\MySQLi\MYSQLI_STORE_RESULT"
in SYSTEMPATH\Database\Database.php on line 136.
 1 SYSTEMPATH\Database\Database.php(56): CodeIgniter\Database\Database->initDriver()
 2 SYSTEMPATH\Database\Config.php(78): CodeIgniter\Database\Database->load()
 3 SYSTEMPATH\Common.php(344): CodeIgniter\Database\Config::connect()
 4 SYSTEMPATH\Database\MigrationRunner.php(150): db_connect()
 5 SYSTEMPATH\Config\Services.php(398): CodeIgniter\Database\MigrationRunner->__construct()
 6 SYSTEMPATH\Config\BaseService.php(251): CodeIgniter\Config\Services::migrations()
 7 SYSTEMPATH\Config\BaseService.php(192): CodeIgniter\Config\BaseService::__callStatic()
 8 SYSTEMPATH\Config\Services.php(393): CodeIgniter\Config\BaseService::getSharedInstance()
 9 SYSTEMPATH\Config\BaseService.php(251): CodeIgniter\Config\Services::migrations()
10 SYSTEMPATH\Commands\Database\Migrate.php(69): CodeIgniter\Config\BaseService::__callStatic()
11 SYSTEMPATH\CLI\Commands.php(63): CodeIgniter\Commands\Database\Migrate->run()
12 SYSTEMPATH\CLI\CommandRunner.php(65): CodeIgniter\CLI\Commands->run()
13 SYSTEMPATH\CLI\CommandRunner.php(51): CodeIgniter\CLI\CommandRunner->index()
14 SYSTEMPATH\CodeIgniter.php(889): CodeIgniter\CLI\CommandRunner->_remap()
15 SYSTEMPATH\CodeIgniter.php(466): CodeIgniter\CodeIgniter->runController()
16 SYSTEMPATH\CodeIgniter.php(345): CodeIgniter\CodeIgniter->handleRequest()
17 SYSTEMPATH\CLI\Console.php(48): CodeIgniter\CodeIgniter->run()
18 ROOTPATH\spark(86): CodeIgniter\CLI\Console->run()
CRITICAL - 2023-01-08 04:18:54 --> Undefined constant "CodeIgniter\Database\MySQLi\MYSQLI_STORE_RESULT"
in SYSTEMPATH\Database\Database.php on line 136.
 1 SYSTEMPATH\Database\Database.php(56): CodeIgniter\Database\Database->initDriver()
 2 SYSTEMPATH\Database\Config.php(78): CodeIgniter\Database\Database->load()
 3 SYSTEMPATH\Common.php(344): CodeIgniter\Database\Config::connect()
 4 SYSTEMPATH\Database\MigrationRunner.php(150): db_connect()
 5 SYSTEMPATH\Config\Services.php(398): CodeIgniter\Database\MigrationRunner->__construct()
 6 SYSTEMPATH\Config\BaseService.php(251): CodeIgniter\Config\Services::migrations()
 7 SYSTEMPATH\Config\BaseService.php(192): CodeIgniter\Config\BaseService::__callStatic()
 8 SYSTEMPATH\Config\Services.php(393): CodeIgniter\Config\BaseService::getSharedInstance()
 9 SYSTEMPATH\Config\BaseService.php(251): CodeIgniter\Config\Services::migrations()
10 SYSTEMPATH\Commands\Database\Migrate.php(69): CodeIgniter\Config\BaseService::__callStatic()
11 SYSTEMPATH\CLI\Commands.php(63): CodeIgniter\Commands\Database\Migrate->run()
12 SYSTEMPATH\CLI\CommandRunner.php(65): CodeIgniter\CLI\Commands->run()
13 SYSTEMPATH\CLI\CommandRunner.php(51): CodeIgniter\CLI\CommandRunner->index()
14 SYSTEMPATH\CodeIgniter.php(889): CodeIgniter\CLI\CommandRunner->_remap()
15 SYSTEMPATH\CodeIgniter.php(466): CodeIgniter\CodeIgniter->runController()
16 SYSTEMPATH\CodeIgniter.php(345): CodeIgniter\CodeIgniter->handleRequest()
17 SYSTEMPATH\CLI\Console.php(48): CodeIgniter\CodeIgniter->run()
18 ROOTPATH\spark(86): CodeIgniter\CLI\Console->run()
CRITICAL - 2023-01-08 06:06:36 --> date_default_timezone_set(): Timezone ID 'Mexico_City' is invalid
in SYSTEMPATH\CodeIgniter.php on line 196.
 1 [internal function]: CodeIgniter\Debug\Exceptions->errorHandler()
 2 SYSTEMPATH\CodeIgniter.php(196): date_default_timezone_set()
 3 FCPATH\index.php(43): CodeIgniter\CodeIgniter->initialize()
 4 SYSTEMPATH\Commands\Server\rewrite.php(43): require_once('FCPATH\\index.php')
CRITICAL - 2023-01-08 00:09:56 --> Class "App\Models\usuario" not found
in APPPATH\Controllers\Home.php on line 32.
 1 SYSTEMPATH\CodeIgniter.php(896): App\Controllers\Home->login()
 2 SYSTEMPATH\CodeIgniter.php(466): CodeIgniter\CodeIgniter->runController()
 3 SYSTEMPATH\CodeIgniter.php(349): CodeIgniter\CodeIgniter->handleRequest()
 4 FCPATH\index.php(55): CodeIgniter\CodeIgniter->run()
 5 SYSTEMPATH\Commands\Server\rewrite.php(43): require_once('FCPATH\\index.php')
CRITICAL - 2023-01-08 00:10:31 --> Class "App\Models\usuario" not found
in APPPATH\Controllers\Home.php on line 32.
 1 SYSTEMPATH\CodeIgniter.php(896): App\Controllers\Home->login()
 2 SYSTEMPATH\CodeIgniter.php(466): CodeIgniter\CodeIgniter->runController()
 3 SYSTEMPATH\CodeIgniter.php(349): CodeIgniter\CodeIgniter->handleRequest()
 4 FCPATH\index.php(55): CodeIgniter\CodeIgniter->run()
 5 SYSTEMPATH\Commands\Server\rewrite.php(43): require_once('FCPATH\\index.php')
CRITICAL - 2023-01-08 00:11:47 --> Undefined constant "CodeIgniter\Database\MySQLi\MYSQLI_STORE_RESULT"
in SYSTEMPATH\Database\Database.php on line 136.
 1 SYSTEMPATH\Database\Database.php(56): CodeIgniter\Database\Database->initDriver()
 2 SYSTEMPATH\Database\Config.php(78): CodeIgniter\Database\Database->load()
 3 SYSTEMPATH\Model.php(136): CodeIgniter\Database\Config::connect()
 4 APPPATH\Controllers\Home.php(32): CodeIgniter\Model->__construct()
 5 SYSTEMPATH\CodeIgniter.php(896): App\Controllers\Home->login()
 6 SYSTEMPATH\CodeIgniter.php(466): CodeIgniter\CodeIgniter->runController()
 7 SYSTEMPATH\CodeIgniter.php(349): CodeIgniter\CodeIgniter->handleRequest()
 8 FCPATH\index.php(55): CodeIgniter\CodeIgniter->run()
 9 SYSTEMPATH\Commands\Server\rewrite.php(43): require_once('FCPATH\\index.php')
CRITICAL - 2023-01-08 00:19:07 --> Undefined constant "CodeIgniter\Database\MySQLi\MYSQLI_STORE_RESULT"
in SYSTEMPATH\Database\Database.php on line 136.
 1 SYSTEMPATH\Database\Database.php(56): CodeIgniter\Database\Database->initDriver()
 2 SYSTEMPATH\Database\Config.php(78): CodeIgniter\Database\Database->load()
 3 SYSTEMPATH\Model.php(136): CodeIgniter\Database\Config::connect()
 4 APPPATH\Controllers\Home.php(32): CodeIgniter\Model->__construct()
 5 SYSTEMPATH\CodeIgniter.php(896): App\Controllers\Home->login()
 6 SYSTEMPATH\CodeIgniter.php(466): CodeIgniter\CodeIgniter->runController()
 7 SYSTEMPATH\CodeIgniter.php(349): CodeIgniter\CodeIgniter->handleRequest()
 8 FCPATH\index.php(55): CodeIgniter\CodeIgniter->run()
 9 SYSTEMPATH\Commands\Server\rewrite.php(43): require_once('FCPATH\\index.php')
CRITICAL - 2023-01-08 00:28:48 --> Undefined constant "CodeIgniter\Database\MySQLi\MYSQLI_STORE_RESULT"
in SYSTEMPATH\Database\Database.php on line 136.
 1 SYSTEMPATH\Database\Database.php(56): CodeIgniter\Database\Database->initDriver()
 2 SYSTEMPATH\Database\Config.php(78): CodeIgniter\Database\Database->load()
 3 SYSTEMPATH\Model.php(136): CodeIgniter\Database\Config::connect()
 4 APPPATH\Controllers\Home.php(32): CodeIgniter\Model->__construct()
 5 SYSTEMPATH\CodeIgniter.php(896): App\Controllers\Home->login()
 6 SYSTEMPATH\CodeIgniter.php(466): CodeIgniter\CodeIgniter->runController()
 7 SYSTEMPATH\CodeIgniter.php(349): CodeIgniter\CodeIgniter->handleRequest()
 8 FCPATH\index.php(55): CodeIgniter\CodeIgniter->run()
 9 SYSTEMPATH\Commands\Server\rewrite.php(43): require_once('FCPATH\\index.php')
CRITICAL - 2023-01-08 00:33:26 --> Undefined constant "CodeIgniter\Database\MySQLi\MYSQLI_STORE_RESULT"
in SYSTEMPATH\Database\Database.php on line 136.
 1 SYSTEMPATH\Database\Database.php(56): CodeIgniter\Database\Database->initDriver()
 2 SYSTEMPATH\Database\Config.php(78): CodeIgniter\Database\Database->load()
 3 SYSTEMPATH\Model.php(136): CodeIgniter\Database\Config::connect()
 4 APPPATH\Controllers\Home.php(32): CodeIgniter\Model->__construct()
 5 SYSTEMPATH\CodeIgniter.php(896): App\Controllers\Home->login()
 6 SYSTEMPATH\CodeIgniter.php(466): CodeIgniter\CodeIgniter->runController()
 7 SYSTEMPATH\CodeIgniter.php(349): CodeIgniter\CodeIgniter->handleRequest()
 8 FCPATH\index.php(55): CodeIgniter\CodeIgniter->run()
 9 SYSTEMPATH\Commands\Server\rewrite.php(43): require_once('FCPATH\\index.php')
CRITICAL - 2023-01-08 00:34:46 --> Undefined constant "CodeIgniter\Database\MySQLi\MYSQLI_STORE_RESULT"
in SYSTEMPATH\Database\Database.php on line 136.
 1 SYSTEMPATH\Database\Database.php(56): CodeIgniter\Database\Database->initDriver()
 2 SYSTEMPATH\Database\Config.php(78): CodeIgniter\Database\Database->load()
 3 SYSTEMPATH\Model.php(136): CodeIgniter\Database\Config::connect()
 4 APPPATH\Controllers\Home.php(32): CodeIgniter\Model->__construct()
 5 SYSTEMPATH\CodeIgniter.php(896): App\Controllers\Home->login()
 6 SYSTEMPATH\CodeIgniter.php(466): CodeIgniter\CodeIgniter->runController()
 7 SYSTEMPATH\CodeIgniter.php(349): CodeIgniter\CodeIgniter->handleRequest()
 8 FCPATH\index.php(55): CodeIgniter\CodeIgniter->run()
 9 SYSTEMPATH\Commands\Server\rewrite.php(43): require_once('FCPATH\\index.php')
CRITICAL - 2023-01-08 00:44:16 --> Undefined constant "CodeIgniter\Database\MySQLi\MYSQLI_STORE_RESULT"
in SYSTEMPATH\Database\Database.php on line 136.
 1 SYSTEMPATH\Database\Database.php(56): CodeIgniter\Database\Database->initDriver()
 2 SYSTEMPATH\Database\Config.php(78): CodeIgniter\Database\Database->load()
 3 SYSTEMPATH\Model.php(136): CodeIgniter\Database\Config::connect()
 4 APPPATH\Controllers\Home.php(32): CodeIgniter\Model->__construct()
 5 SYSTEMPATH\CodeIgniter.php(896): App\Controllers\Home->login()
 6 SYSTEMPATH\CodeIgniter.php(466): CodeIgniter\CodeIgniter->runController()
 7 SYSTEMPATH\CodeIgniter.php(349): CodeIgniter\CodeIgniter->handleRequest()
 8 FCPATH\index.php(55): CodeIgniter\CodeIgniter->run()
 9 SYSTEMPATH\Commands\Server\rewrite.php(43): require_once('FCPATH\\index.php')
CRITICAL - 2023-01-08 00:47:30 --> Undefined constant "CodeIgniter\Database\MySQLi\MYSQLI_STORE_RESULT"
in SYSTEMPATH\Database\Database.php on line 136.
 1 SYSTEMPATH\Database\Database.php(56): CodeIgniter\Database\Database->initDriver()
 2 SYSTEMPATH\Database\Config.php(78): CodeIgniter\Database\Database->load()
 3 SYSTEMPATH\Model.php(136): CodeIgniter\Database\Config::connect()
 4 APPPATH\Controllers\Home.php(32): CodeIgniter\Model->__construct()
 5 SYSTEMPATH\CodeIgniter.php(896): App\Controllers\Home->login()
 6 SYSTEMPATH\CodeIgniter.php(466): CodeIgniter\CodeIgniter->runController()
 7 SYSTEMPATH\CodeIgniter.php(349): CodeIgniter\CodeIgniter->handleRequest()
 8 FCPATH\index.php(55): CodeIgniter\CodeIgniter->run()
 9 SYSTEMPATH\Commands\Server\rewrite.php(43): require_once('FCPATH\\index.php')
CRITICAL - 2023-01-08 00:56:25 --> Undefined constant "CodeIgniter\Database\MySQLi\MYSQLI_STORE_RESULT"
in SYSTEMPATH\Database\Database.php on line 136.
 1 SYSTEMPATH\Database\Database.php(56): CodeIgniter\Database\Database->initDriver()
 2 SYSTEMPATH\Database\Config.php(78): CodeIgniter\Database\Database->load()
 3 SYSTEMPATH\Model.php(136): CodeIgniter\Database\Config::connect()
 4 APPPATH\Controllers\Home.php(32): CodeIgniter\Model->__construct()
 5 SYSTEMPATH\CodeIgniter.php(896): App\Controllers\Home->login()
 6 SYSTEMPATH\CodeIgniter.php(466): CodeIgniter\CodeIgniter->runController()
 7 SYSTEMPATH\CodeIgniter.php(349): CodeIgniter\CodeIgniter->handleRequest()
 8 FCPATH\index.php(55): CodeIgniter\CodeIgniter->run()
 9 SYSTEMPATH\Commands\Server\rewrite.php(43): require_once('FCPATH\\index.php')
CRITICAL - 2023-01-08 01:09:21 --> Undefined constant "CodeIgniter\Database\MySQLi\MYSQLI_STORE_RESULT"
in SYSTEMPATH\Database\Database.php on line 136.
 1 SYSTEMPATH\Database\Database.php(56): CodeIgniter\Database\Database->initDriver()
 2 SYSTEMPATH\Database\Config.php(78): CodeIgniter\Database\Database->load()
 3 SYSTEMPATH\Model.php(136): CodeIgniter\Database\Config::connect()
 4 APPPATH\Controllers\Home.php(32): CodeIgniter\Model->__construct()
 5 SYSTEMPATH\CodeIgniter.php(896): App\Controllers\Home->login()
 6 SYSTEMPATH\CodeIgniter.php(466): CodeIgniter\CodeIgniter->runController()
 7 SYSTEMPATH\CodeIgniter.php(349): CodeIgniter\CodeIgniter->handleRequest()
 8 FCPATH\index.php(55): CodeIgniter\CodeIgniter->run()
 9 SYSTEMPATH\Commands\Server\rewrite.php(43): require_once('FCPATH\\index.php')
CRITICAL - 2023-01-08 08:09:45 --> The framework needs the following extension(s) installed and loaded: intl.
in SYSTEMPATH\CodeIgniter.php on line 231.
 1 SYSTEMPATH\CodeIgniter.php(231): CodeIgniter\Exceptions\FrameworkException::forMissingExtension('intl')
 2 SYSTEMPATH\CodeIgniter.php(189): CodeIgniter\CodeIgniter->resolvePlatformExtensions()
 3 FCPATH\index.php(43): CodeIgniter\CodeIgniter->initialize()
CRITICAL - 2023-01-08 08:11:25 --> The framework needs the following extension(s) installed and loaded: intl.
in SYSTEMPATH\CodeIgniter.php on line 231.
 1 SYSTEMPATH\CodeIgniter.php(231): CodeIgniter\Exceptions\FrameworkException::forMissingExtension('intl')
 2 SYSTEMPATH\CodeIgniter.php(189): CodeIgniter\CodeIgniter->resolvePlatformExtensions()
 3 FCPATH\index.php(43): CodeIgniter\CodeIgniter->initialize()
CRITICAL - 2023-01-08 08:11:30 --> The framework needs the following extension(s) installed and loaded: intl.
in SYSTEMPATH\CodeIgniter.php on line 231.
 1 SYSTEMPATH\CodeIgniter.php(231): CodeIgniter\Exceptions\FrameworkException::forMissingExtension('intl')
 2 SYSTEMPATH\CodeIgniter.php(189): CodeIgniter\CodeIgniter->resolvePlatformExtensions()
 3 FCPATH\index.php(43): CodeIgniter\CodeIgniter->initialize()
CRITICAL - 2023-01-08 08:11:49 --> The framework needs the following extension(s) installed and loaded: intl.
in SYSTEMPATH\CodeIgniter.php on line 231.
 1 SYSTEMPATH\CodeIgniter.php(231): CodeIgniter\Exceptions\FrameworkException::forMissingExtension('intl')
 2 SYSTEMPATH\CodeIgniter.php(189): CodeIgniter\CodeIgniter->resolvePlatformExtensions()
 3 FCPATH\index.php(43): CodeIgniter\CodeIgniter->initialize()
CRITICAL - 2023-01-08 08:12:20 --> The framework needs the following extension(s) installed and loaded: intl.
in SYSTEMPATH\CodeIgniter.php on line 231.
 1 SYSTEMPATH\CodeIgniter.php(231): CodeIgniter\Exceptions\FrameworkException::forMissingExtension('intl')
 2 SYSTEMPATH\CodeIgniter.php(189): CodeIgniter\CodeIgniter->resolvePlatformExtensions()
 3 FCPATH\index.php(43): CodeIgniter\CodeIgniter->initialize()
CRITICAL - 2023-01-08 08:12:21 --> The framework needs the following extension(s) installed and loaded: intl.
in SYSTEMPATH\CodeIgniter.php on line 231.
 1 SYSTEMPATH\CodeIgniter.php(231): CodeIgniter\Exceptions\FrameworkException::forMissingExtension('intl')
 2 SYSTEMPATH\CodeIgniter.php(189): CodeIgniter\CodeIgniter->resolvePlatformExtensions()
 3 FCPATH\index.php(43): CodeIgniter\CodeIgniter->initialize()
CRITICAL - 2023-01-08 01:17:46 --> Undefined constant "CodeIgniter\Database\MySQLi\MYSQLI_STORE_RESULT"
in SYSTEMPATH\Database\Database.php on line 136.
 1 SYSTEMPATH\Database\Database.php(56): CodeIgniter\Database\Database->initDriver()
 2 SYSTEMPATH\Database\Config.php(78): CodeIgniter\Database\Database->load()
 3 SYSTEMPATH\Model.php(136): CodeIgniter\Database\Config::connect()
 4 APPPATH\Controllers\Home.php(32): CodeIgniter\Model->__construct()
 5 SYSTEMPATH\CodeIgniter.php(896): App\Controllers\Home->login()
 6 SYSTEMPATH\CodeIgniter.php(466): CodeIgniter\CodeIgniter->runController()
 7 SYSTEMPATH\CodeIgniter.php(349): CodeIgniter\CodeIgniter->handleRequest()
 8 FCPATH\index.php(55): CodeIgniter\CodeIgniter->run()
 9 SYSTEMPATH\Commands\Server\rewrite.php(43): require_once('FCPATH\\index.php')
CRITICAL - 2023-01-08 01:18:17 --> Undefined constant "CodeIgniter\Database\MySQLi\MYSQLI_STORE_RESULT"
in SYSTEMPATH\Database\Database.php on line 136.
 1 SYSTEMPATH\Database\Database.php(56): CodeIgniter\Database\Database->initDriver()
 2 SYSTEMPATH\Database\Config.php(78): CodeIgniter\Database\Database->load()
 3 SYSTEMPATH\Model.php(136): CodeIgniter\Database\Config::connect()
 4 APPPATH\Controllers\Home.php(32): CodeIgniter\Model->__construct()
 5 SYSTEMPATH\CodeIgniter.php(896): App\Controllers\Home->login()
 6 SYSTEMPATH\CodeIgniter.php(466): CodeIgniter\CodeIgniter->runController()
 7 SYSTEMPATH\CodeIgniter.php(349): CodeIgniter\CodeIgniter->handleRequest()
 8 FCPATH\index.php(55): CodeIgniter\CodeIgniter->run()
 9 SYSTEMPATH\Commands\Server\rewrite.php(43): require_once('FCPATH\\index.php')
CRITICAL - 2023-01-08 01:20:40 --> Undefined constant "CodeIgniter\Database\MySQLi\MYSQLI_STORE_RESULT"
in SYSTEMPATH\Database\Database.php on line 136.
 1 SYSTEMPATH\Database\Database.php(56): CodeIgniter\Database\Database->initDriver()
 2 SYSTEMPATH\Database\Config.php(78): CodeIgniter\Database\Database->load()
 3 SYSTEMPATH\Model.php(136): CodeIgniter\Database\Config::connect()
 4 APPPATH\Controllers\Home.php(32): CodeIgniter\Model->__construct()
 5 SYSTEMPATH\CodeIgniter.php(896): App\Controllers\Home->login()
 6 SYSTEMPATH\CodeIgniter.php(466): CodeIgniter\CodeIgniter->runController()
 7 SYSTEMPATH\CodeIgniter.php(349): CodeIgniter\CodeIgniter->handleRequest()
 8 FCPATH\index.php(55): CodeIgniter\CodeIgniter->run()
 9 SYSTEMPATH\Commands\Server\rewrite.php(43): require_once('FCPATH\\index.php')
CRITICAL - 2023-01-08 01:21:01 --> Undefined constant "CodeIgniter\Database\MySQLi\MYSQLI_STORE_RESULT"
in SYSTEMPATH\Database\Database.php on line 136.
 1 SYSTEMPATH\Database\Database.php(56): CodeIgniter\Database\Database->initDriver()
 2 SYSTEMPATH\Database\Config.php(78): CodeIgniter\Database\Database->load()
 3 SYSTEMPATH\Model.php(136): CodeIgniter\Database\Config::connect()
 4 APPPATH\Controllers\Home.php(32): CodeIgniter\Model->__construct()
 5 SYSTEMPATH\CodeIgniter.php(896): App\Controllers\Home->login()
 6 SYSTEMPATH\CodeIgniter.php(466): CodeIgniter\CodeIgniter->runController()
 7 SYSTEMPATH\CodeIgniter.php(349): CodeIgniter\CodeIgniter->handleRequest()
 8 FCPATH\index.php(55): CodeIgniter\CodeIgniter->run()
 9 SYSTEMPATH\Commands\Server\rewrite.php(43): require_once('FCPATH\\index.php')
CRITICAL - 2023-01-08 01:28:46 --> Undefined constant "CodeIgniter\Database\MySQLi\MYSQLI_STORE_RESULT"
in SYSTEMPATH\Database\Database.php on line 136.
 1 SYSTEMPATH\Database\Database.php(56): CodeIgniter\Database\Database->initDriver()
 2 SYSTEMPATH\Database\Config.php(78): CodeIgniter\Database\Database->load()
 3 SYSTEMPATH\Model.php(136): CodeIgniter\Database\Config::connect()
 4 APPPATH\Controllers\Home.php(32): CodeIgniter\Model->__construct()
 5 SYSTEMPATH\CodeIgniter.php(896): App\Controllers\Home->login()
 6 SYSTEMPATH\CodeIgniter.php(466): CodeIgniter\CodeIgniter->runController()
 7 SYSTEMPATH\CodeIgniter.php(349): CodeIgniter\CodeIgniter->handleRequest()
 8 FCPATH\index.php(55): CodeIgniter\CodeIgniter->run()
 9 SYSTEMPATH\Commands\Server\rewrite.php(43): require_once('FCPATH\\index.php')
CRITICAL - 2023-01-08 01:35:33 --> Undefined constant "CodeIgniter\Database\MySQLi\MYSQLI_STORE_RESULT"
in SYSTEMPATH\Database\Database.php on line 136.
 1 SYSTEMPATH\Database\Database.php(56): CodeIgniter\Database\Database->initDriver()
 2 SYSTEMPATH\Database\Config.php(78): CodeIgniter\Database\Database->load()
 3 SYSTEMPATH\Model.php(136): CodeIgniter\Database\Config::connect()
 4 APPPATH\Controllers\Home.php(32): CodeIgniter\Model->__construct()
 5 SYSTEMPATH\CodeIgniter.php(896): App\Controllers\Home->login()
 6 SYSTEMPATH\CodeIgniter.php(466): CodeIgniter\CodeIgniter->runController()
 7 SYSTEMPATH\CodeIgniter.php(349): CodeIgniter\CodeIgniter->handleRequest()
 8 FCPATH\index.php(55): CodeIgniter\CodeIgniter->run()
 9 SYSTEMPATH\Commands\Server\rewrite.php(43): require_once('FCPATH\\index.php')
CRITICAL - 2023-01-08 01:42:14 --> Undefined constant "CodeIgniter\Database\MySQLi\MYSQLI_STORE_RESULT"
in SYSTEMPATH\Database\Database.php on line 136.
 1 SYSTEMPATH\Database\Database.php(56): CodeIgniter\Database\Database->initDriver()
 2 SYSTEMPATH\Database\Config.php(78): CodeIgniter\Database\Database->load()
 3 SYSTEMPATH\Model.php(136): CodeIgniter\Database\Config::connect()
 4 APPPATH\Controllers\Home.php(32): CodeIgniter\Model->__construct()
 5 SYSTEMPATH\CodeIgniter.php(896): App\Controllers\Home->login()
 6 SYSTEMPATH\CodeIgniter.php(466): CodeIgniter\CodeIgniter->runController()
 7 SYSTEMPATH\CodeIgniter.php(349): CodeIgniter\CodeIgniter->handleRequest()
 8 FCPATH\index.php(55): CodeIgniter\CodeIgniter->run()
 9 SYSTEMPATH\Commands\Server\rewrite.php(43): require_once('FCPATH\\index.php')
CRITICAL - 2023-01-08 01:43:43 --> Undefined constant "CodeIgniter\Database\MySQLi\MYSQLI_STORE_RESULT"
in SYSTEMPATH\Database\Database.php on line 136.
 1 SYSTEMPATH\Database\Database.php(56): CodeIgniter\Database\Database->initDriver()
 2 SYSTEMPATH\Database\Config.php(78): CodeIgniter\Database\Database->load()
 3 SYSTEMPATH\Model.php(136): CodeIgniter\Database\Config::connect()
 4 APPPATH\Controllers\Home.php(32): CodeIgniter\Model->__construct()
 5 SYSTEMPATH\CodeIgniter.php(896): App\Controllers\Home->login()
 6 SYSTEMPATH\CodeIgniter.php(466): CodeIgniter\CodeIgniter->runController()
 7 SYSTEMPATH\CodeIgniter.php(349): CodeIgniter\CodeIgniter->handleRequest()
 8 FCPATH\index.php(55): CodeIgniter\CodeIgniter->run()
 9 SYSTEMPATH\Commands\Server\rewrite.php(43): require_once('FCPATH\\index.php')
CRITICAL - 2023-01-08 01:43:59 --> Undefined constant "CodeIgniter\Database\MySQLi\MYSQLI_STORE_RESULT"
in SYSTEMPATH\Database\Database.php on line 136.
 1 SYSTEMPATH\Database\Database.php(56): CodeIgniter\Database\Database->initDriver()
 2 SYSTEMPATH\Database\Config.php(78): CodeIgniter\Database\Database->load()
 3 SYSTEMPATH\Model.php(136): CodeIgniter\Database\Config::connect()
 4 APPPATH\Controllers\Home.php(32): CodeIgniter\Model->__construct()
 5 SYSTEMPATH\CodeIgniter.php(896): App\Controllers\Home->login()
 6 SYSTEMPATH\CodeIgniter.php(466): CodeIgniter\CodeIgniter->runController()
 7 SYSTEMPATH\CodeIgniter.php(349): CodeIgniter\CodeIgniter->handleRequest()
 8 FCPATH\index.php(55): CodeIgniter\CodeIgniter->run()
 9 SYSTEMPATH\Commands\Server\rewrite.php(43): require_once('FCPATH\\index.php')
CRITICAL - 2023-01-08 01:45:33 --> Undefined constant "CodeIgniter\Database\MySQLi\MYSQLI_STORE_RESULT"
in SYSTEMPATH\Database\Database.php on line 136.
 1 SYSTEMPATH\Database\Database.php(56): CodeIgniter\Database\Database->initDriver()
 2 SYSTEMPATH\Database\Config.php(78): CodeIgniter\Database\Database->load()
 3 SYSTEMPATH\Model.php(136): CodeIgniter\Database\Config::connect()
 4 APPPATH\Controllers\Home.php(32): CodeIgniter\Model->__construct()
 5 SYSTEMPATH\CodeIgniter.php(896): App\Controllers\Home->login()
 6 SYSTEMPATH\CodeIgniter.php(466): CodeIgniter\CodeIgniter->runController()
 7 SYSTEMPATH\CodeIgniter.php(349): CodeIgniter\CodeIgniter->handleRequest()
 8 FCPATH\index.php(55): CodeIgniter\CodeIgniter->run()
 9 SYSTEMPATH\Commands\Server\rewrite.php(43): require_once('FCPATH\\index.php')
CRITICAL - 2023-01-08 01:45:55 --> Undefined constant "CodeIgniter\Database\MySQLi\MYSQLI_STORE_RESULT"
in SYSTEMPATH\Database\Database.php on line 136.
 1 SYSTEMPATH\Database\Database.php(56): CodeIgniter\Database\Database->initDriver()
 2 SYSTEMPATH\Database\Config.php(78): CodeIgniter\Database\Database->load()
 3 SYSTEMPATH\Model.php(136): CodeIgniter\Database\Config::connect()
 4 APPPATH\Controllers\Home.php(32): CodeIgniter\Model->__construct()
 5 SYSTEMPATH\CodeIgniter.php(896): App\Controllers\Home->login()
 6 SYSTEMPATH\CodeIgniter.php(466): CodeIgniter\CodeIgniter->runController()
 7 SYSTEMPATH\CodeIgniter.php(349): CodeIgniter\CodeIgniter->handleRequest()
 8 FCPATH\index.php(55): CodeIgniter\CodeIgniter->run()
 9 SYSTEMPATH\Commands\Server\rewrite.php(43): require_once('FCPATH\\index.php')
CRITICAL - 2023-01-08 01:48:26 --> Undefined constant "CodeIgniter\Database\MySQLi\MYSQLI_STORE_RESULT"
in SYSTEMPATH\Database\Database.php on line 136.
 1 SYSTEMPATH\Database\Database.php(56): CodeIgniter\Database\Database->initDriver()
 2 SYSTEMPATH\Database\Config.php(78): CodeIgniter\Database\Database->load()
 3 SYSTEMPATH\Model.php(136): CodeIgniter\Database\Config::connect()
 4 APPPATH\Controllers\Home.php(32): CodeIgniter\Model->__construct()
 5 SYSTEMPATH\CodeIgniter.php(896): App\Controllers\Home->login()
 6 SYSTEMPATH\CodeIgniter.php(466): CodeIgniter\CodeIgniter->runController()
 7 SYSTEMPATH\CodeIgniter.php(349): CodeIgniter\CodeIgniter->handleRequest()
 8 FCPATH\index.php(55): CodeIgniter\CodeIgniter->run()
 9 SYSTEMPATH\Commands\Server\rewrite.php(43): require_once('FCPATH\\index.php')
CRITICAL - 2023-01-08 01:48:33 --> Undefined constant "CodeIgniter\Database\MySQLi\MYSQLI_STORE_RESULT"
in SYSTEMPATH\Database\Database.php on line 136.
 1 SYSTEMPATH\Database\Database.php(56): CodeIgniter\Database\Database->initDriver()
 2 SYSTEMPATH\Database\Config.php(78): CodeIgniter\Database\Database->load()
 3 SYSTEMPATH\Model.php(136): CodeIgniter\Database\Config::connect()
 4 APPPATH\Controllers\Home.php(32): CodeIgniter\Model->__construct()
 5 SYSTEMPATH\CodeIgniter.php(896): App\Controllers\Home->login()
 6 SYSTEMPATH\CodeIgniter.php(466): CodeIgniter\CodeIgniter->runController()
 7 SYSTEMPATH\CodeIgniter.php(349): CodeIgniter\CodeIgniter->handleRequest()
 8 FCPATH\index.php(55): CodeIgniter\CodeIgniter->run()
 9 SYSTEMPATH\Commands\Server\rewrite.php(43): require_once('FCPATH\\index.php')
CRITICAL - 2023-01-08 02:03:32 --> Undefined constant "CodeIgniter\Database\MySQLi\MYSQLI_STORE_RESULT"
in SYSTEMPATH\Database\Database.php on line 136.
 1 SYSTEMPATH\Database\Database.php(56): CodeIgniter\Database\Database->initDriver()
 2 SYSTEMPATH\Database\Config.php(78): CodeIgniter\Database\Database->load()
 3 SYSTEMPATH\Model.php(136): CodeIgniter\Database\Config::connect()
 4 APPPATH\Controllers\Home.php(32): CodeIgniter\Model->__construct()
 5 SYSTEMPATH\CodeIgniter.php(896): App\Controllers\Home->login()
 6 SYSTEMPATH\CodeIgniter.php(466): CodeIgniter\CodeIgniter->runController()
 7 SYSTEMPATH\CodeIgniter.php(349): CodeIgniter\CodeIgniter->handleRequest()
 8 FCPATH\index.php(55): CodeIgniter\CodeIgniter->run()
 9 SYSTEMPATH\Commands\Server\rewrite.php(43): require_once('FCPATH\\index.php')
CRITICAL - 2023-01-08 11:12:46 --> Unclosed '{' on line 43
in APPPATH\Views\signIn.php on line 137.
 1 SYSTEMPATH\View\View.php(216): CodeIgniter\View\View->CodeIgniter\View\{closure}()
 2 SYSTEMPATH\Common.php(1135): CodeIgniter\View\View->render()
 3 APPPATH\Controllers\Home.php(10): view()
 4 SYSTEMPATH\CodeIgniter.php(896): App\Controllers\Home->index()
 5 SYSTEMPATH\CodeIgniter.php(466): CodeIgniter\CodeIgniter->runController()
 6 SYSTEMPATH\CodeIgniter.php(349): CodeIgniter\CodeIgniter->handleRequest()
 7 FCPATH\index.php(55): CodeIgniter\CodeIgniter->run()
 8 SYSTEMPATH\Commands\Server\rewrite.php(43): require_once('FCPATH\\index.php')
CRITICAL - 2023-01-08 11:14:08 --> Unclosed '{' on line 43
in APPPATH\Views\signIn.php on line 137.
 1 SYSTEMPATH\View\View.php(216): CodeIgniter\View\View->CodeIgniter\View\{closure}()
 2 SYSTEMPATH\Common.php(1135): CodeIgniter\View\View->render()
 3 APPPATH\Controllers\Home.php(10): view()
 4 SYSTEMPATH\CodeIgniter.php(896): App\Controllers\Home->index()
 5 SYSTEMPATH\CodeIgniter.php(466): CodeIgniter\CodeIgniter->runController()
 6 SYSTEMPATH\CodeIgniter.php(349): CodeIgniter\CodeIgniter->handleRequest()
 7 FCPATH\index.php(55): CodeIgniter\CodeIgniter->run()
 8 SYSTEMPATH\Commands\Server\rewrite.php(43): require_once('FCPATH\\index.php')
CRITICAL - 2023-01-08 12:11:47 --> Array to string conversion
in APPPATH\Controllers\Home.php on line 37.
 1 APPPATH\Controllers\Home.php(37): CodeIgniter\Debug\Exceptions->errorHandler()
 2 SYSTEMPATH\CodeIgniter.php(896): App\Controllers\Home->login()
 3 SYSTEMPATH\CodeIgniter.php(466): CodeIgniter\CodeIgniter->runController()
 4 SYSTEMPATH\CodeIgniter.php(349): CodeIgniter\CodeIgniter->handleRequest()
 5 FCPATH\index.php(55): CodeIgniter\CodeIgniter->run()
 6 SYSTEMPATH\Commands\Server\rewrite.php(43): require_once('FCPATH\\index.php')
CRITICAL - 2023-01-08 12:13:47 --> Call to undefined method CodeIgniter\Session\Session::setFlasData()
in APPPATH\Controllers\Home.php on line 45.
 1 SYSTEMPATH\CodeIgniter.php(896): App\Controllers\Home->login()
 2 SYSTEMPATH\CodeIgniter.php(466): CodeIgniter\CodeIgniter->runController()
 3 SYSTEMPATH\CodeIgniter.php(349): CodeIgniter\CodeIgniter->handleRequest()
 4 FCPATH\index.php(55): CodeIgniter\CodeIgniter->run()
 5 SYSTEMPATH\Commands\Server\rewrite.php(43): require_once('FCPATH\\index.php')
CRITICAL - 2023-01-08 15:38:06 --> syntax error, unexpected token "-", expecting "("
in APPPATH\Controllers\Home.php on line 36.
 1 SYSTEMPATH\Autoloader\Autoloader.php(261): CodeIgniter\Autoloader\Autoloader->includeFile()
 2 SYSTEMPATH\Autoloader\Autoloader.php(239): CodeIgniter\Autoloader\Autoloader->loadInNamespace()
 3 [internal function]: CodeIgniter\Autoloader\Autoloader->loadClass()
 4 SYSTEMPATH\CodeIgniter.php(846): class_exists()
 5 SYSTEMPATH\CodeIgniter.php(453): CodeIgniter\CodeIgniter->startController()
 6 SYSTEMPATH\CodeIgniter.php(349): CodeIgniter\CodeIgniter->handleRequest()
 7 FCPATH\index.php(55): CodeIgniter\CodeIgniter->run()
 8 SYSTEMPATH\Commands\Server\rewrite.php(43): require_once('FCPATH\\index.php')
CRITICAL - 2023-01-08 15:38:17 --> syntax error, unexpected token "-", expecting "("
in APPPATH\Controllers\Home.php on line 36.
 1 SYSTEMPATH\Autoloader\Autoloader.php(261): CodeIgniter\Autoloader\Autoloader->includeFile()
 2 SYSTEMPATH\Autoloader\Autoloader.php(239): CodeIgniter\Autoloader\Autoloader->loadInNamespace()
 3 [internal function]: CodeIgniter\Autoloader\Autoloader->loadClass()
 4 SYSTEMPATH\CodeIgniter.php(846): class_exists()
 5 SYSTEMPATH\CodeIgniter.php(453): CodeIgniter\CodeIgniter->startController()
 6 SYSTEMPATH\CodeIgniter.php(349): CodeIgniter\CodeIgniter->handleRequest()
 7 FCPATH\index.php(55): CodeIgniter\CodeIgniter->run()
 8 SYSTEMPATH\Commands\Server\rewrite.php(43): require_once('FCPATH\\index.php')
CRITICAL - 2023-01-08 15:38:21 --> syntax error, unexpected token "-", expecting "("
in APPPATH\Controllers\Home.php on line 36.
 1 SYSTEMPATH\Autoloader\Autoloader.php(261): CodeIgniter\Autoloader\Autoloader->includeFile()
 2 SYSTEMPATH\Autoloader\Autoloader.php(239): CodeIgniter\Autoloader\Autoloader->loadInNamespace()
 3 [internal function]: CodeIgniter\Autoloader\Autoloader->loadClass()
 4 SYSTEMPATH\CodeIgniter.php(846): class_exists()
 5 SYSTEMPATH\CodeIgniter.php(453): CodeIgniter\CodeIgniter->startController()
 6 SYSTEMPATH\CodeIgniter.php(349): CodeIgniter\CodeIgniter->handleRequest()
 7 FCPATH\index.php(55): CodeIgniter\CodeIgniter->run()
 8 SYSTEMPATH\Commands\Server\rewrite.php(43): require_once('FCPATH\\index.php')
